build/app/intermediates/manifest_merge_blame_file/release/manifest-merger-blame-release-report.txt
1<?xml version="1.0" encoding="utf-8"?>
2<manifest xmlns:android="http://schemas.android.com/apk/res/android"
3    package="com.example.firebase_notification"
4    android:versionCode="1"
5    android:versionName="1.0.0" >
6
7    <uses-sdk
8        android:minSdkVersion="19"
8-->src/main/AndroidManifest.xml
9        android:targetSdkVersion="31" />
9-->src/main/AndroidManifest.xml
10
11    <uses-permission android:name="android.permission.INTERNET" />
11-->src/main/AndroidManifest.xml:3:5-66
11-->src/main/AndroidManifest.xml:3:22-64
12    <uses-permission android:name="android.permission.WAKE_LOCK" />
12-->[:firebase_messaging] AndroidManifest.xml:10:5-68
12-->[:firebase_messaging] AndroidManifest.xml:10:22-65
13    <uses-permission android:name="android.permission.ACCESS_NETWORK_STATE" /> <!-- Permissions options for the `notification` group -->
13-->[:firebase_messaging] AndroidManifest.xml:11:5-79
13-->[:firebase_messaging] AndroidManifest.xml:11:22-76
14    <uses-permission android:name="android.permission.POST_NOTIFICATIONS" /> <!-- Required by older versions of Google Play services to create IID tokens -->
14-->[:firebase_messaging] AndroidManifest.xml:13:5-77
14-->[:firebase_messaging] AndroidManifest.xml:13:22-74
15    <uses-permission android:name="com.google.android.c2dm.permission.RECEIVE" />
15-->[com.google.firebase:firebase-messaging:23.1.1] AndroidManifest.xml:28:5-82
15-->[com.google.firebase:firebase-messaging:23.1.1] AndroidManifest.xml:28:22-79
16
17    <application
18        android:name="android.app.Application"
18-->src/main/AndroidManifest.xml:6:9-42
19        android:appComponentFactory="androidx.core.app.CoreComponentFactory"
19-->[androidx.core:core:1.6.0] AndroidManifest.xml:24:18-86
20        android:icon="@mipmap/ic_launcher"
20-->src/main/AndroidManifest.xml:7:9-43
21        android:label="firebase_notification" >
21-->src/main/AndroidManifest.xml:5:9-46
22        <activity
22-->src/main/AndroidManifest.xml:8:9-37:20
23            android:name="com.example.firebase_notification.MainActivity"
23-->src/main/AndroidManifest.xml:9:13-41
24            android:configChanges="orientation|keyboardHidden|keyboard|screenSize|smallestScreenSize|locale|layoutDirection|fontScale|screenLayout|density|uiMode"
24-->src/main/AndroidManifest.xml:13:13-163
25            android:exported="true"
25-->src/main/AndroidManifest.xml:10:13-36
26            android:hardwareAccelerated="true"
26-->src/main/AndroidManifest.xml:14:13-47
27            android:launchMode="singleTop"
27-->src/main/AndroidManifest.xml:11:13-43
28            android:theme="@style/LaunchTheme"
28-->src/main/AndroidManifest.xml:12:13-47
29            android:windowSoftInputMode="adjustResize" >
29-->src/main/AndroidManifest.xml:15:13-55
30            <intent-filter>
30-->src/main/AndroidManifest.xml:16:13-19:29
31                <action android:name="android.intent.action.MAIN" />
31-->src/main/AndroidManifest.xml:17:17-68
31-->src/main/AndroidManifest.xml:17:25-66
32
33                <category android:name="android.intent.category.LAUNCHER" />
33-->src/main/AndroidManifest.xml:18:17-76
33-->src/main/AndroidManifest.xml:18:27-74
34            </intent-filter>
35            <!-- Add below to ensure we get the payload when tapping on a notification -->
36            <intent-filter>
36-->src/main/AndroidManifest.xml:21:13-24:29
37                <action android:name="FLUTTER_NOTIFICATION_CLICK" />
37-->src/main/AndroidManifest.xml:22:17-69
37-->src/main/AndroidManifest.xml:22:25-66
38
39                <category android:name="android.intent.category.DEFAULT" />
39-->src/main/AndroidManifest.xml:23:17-76
39-->src/main/AndroidManifest.xml:23:27-73
40            </intent-filter>
41            <!--
42                 Specifies an Android theme to apply to this Activity as soon as
43                 the Android process has started. This theme is visible to the user
44                 while the Flutter UI initializes. After that, this theme continues
45                 to determine the Window background behind the Flutter UI.
46            -->
47            <meta-data
47-->src/main/AndroidManifest.xml:29:13-32:17
48                android:name="io.flutter.embedding.android.NormalTheme"
48-->src/main/AndroidManifest.xml:30:15-70
49                android:resource="@style/NormalTheme" />
49-->src/main/AndroidManifest.xml:31:15-52
50
51            <intent-filter>
51-->src/main/AndroidManifest.xml:16:13-19:29
52                <action android:name="android.intent.action.MAIN" />
52-->src/main/AndroidManifest.xml:17:17-68
52-->src/main/AndroidManifest.xml:17:25-66
53
54                <category android:name="android.intent.category.LAUNCHER" />
54-->src/main/AndroidManifest.xml:18:17-76
54-->src/main/AndroidManifest.xml:18:27-74
55            </intent-filter>
56        </activity>
57        <!--
58             Don't delete the meta-data below.
59             This is used by the Flutter tool to generate GeneratedPluginRegistrant.java
60        -->
61        <meta-data
61-->src/main/AndroidManifest.xml:40:9-42:33
62            android:name="flutterEmbedding"
62-->src/main/AndroidManifest.xml:41:13-44
63            android:value="2" />
63-->src/main/AndroidManifest.xml:42:13-30
64
65        <service
65-->[:firebase_messaging] AndroidManifest.xml:16:9-19:72
66            android:name="io.flutter.plugins.firebase.messaging.FlutterFirebaseMessagingBackgroundService"
66-->[:firebase_messaging] AndroidManifest.xml:17:13-107
67            android:exported="false"
67-->[:firebase_messaging] AndroidManifest.xml:18:13-37
68            android:permission="android.permission.BIND_JOB_SERVICE" />
68-->[:firebase_messaging] AndroidManifest.xml:19:13-69
69        <service
69-->[:firebase_messaging] AndroidManifest.xml:20:9-26:19
70            android:name="io.flutter.plugins.firebase.messaging.FlutterFirebaseMessagingService"
70-->[:firebase_messaging] AndroidManifest.xml:21:13-97
71            android:exported="false" >
71-->[:firebase_messaging] AndroidManifest.xml:22:13-37
72            <intent-filter>
72-->[:firebase_messaging] AndroidManifest.xml:23:13-25:29
73                <action android:name="com.google.firebase.MESSAGING_EVENT" />
73-->[:firebase_messaging] AndroidManifest.xml:24:17-78
73-->[:firebase_messaging] AndroidManifest.xml:24:25-75
74            </intent-filter>
75        </service>
76
77        <receiver
77-->[:firebase_messaging] AndroidManifest.xml:28:9-35:20
78            android:name="io.flutter.plugins.firebase.messaging.FlutterFirebaseMessagingReceiver"
78-->[:firebase_messaging] AndroidManifest.xml:29:13-98
79            android:exported="true"
79-->[:firebase_messaging] AndroidManifest.xml:30:13-36
80            android:permission="com.google.android.c2dm.permission.SEND" >
80-->[:firebase_messaging] AndroidManifest.xml:31:13-73
81            <intent-filter>
81-->[:firebase_messaging] AndroidManifest.xml:32:13-34:29
82                <action android:name="com.google.android.c2dm.intent.RECEIVE" />
82-->[:firebase_messaging] AndroidManifest.xml:33:17-81
82-->[:firebase_messaging] AndroidManifest.xml:33:25-78
83            </intent-filter>
84        </receiver>
85
86        <service
86-->[:firebase_messaging] AndroidManifest.xml:37:9-41:19
87            android:name="com.google.firebase.components.ComponentDiscoveryService"
87-->[:firebase_messaging] AndroidManifest.xml:37:18-89
88            android:directBootAware="true"
88-->[com.google.firebase:firebase-common:20.3.0] AndroidManifest.xml:34:13-43
89            android:exported="false" >
89-->[com.google.firebase:firebase-messaging:23.1.1] AndroidManifest.xml:54:13-37
90            <meta-data
90-->[:firebase_messaging] AndroidManifest.xml:38:13-40:85
91                android:name="com.google.firebase.components:io.flutter.plugins.firebase.messaging.FlutterFirebaseAppRegistrar"
91-->[:firebase_messaging] AndroidManifest.xml:39:17-128
92                android:value="com.google.firebase.components.ComponentRegistrar" />
92-->[:firebase_messaging] AndroidManifest.xml:40:17-82
93            <meta-data
93-->[:firebase_core] AndroidManifest.xml:11:13-13:85
94                android:name="com.google.firebase.components:io.flutter.plugins.firebase.core.FlutterFirebaseCoreRegistrar"
94-->[:firebase_core] AndroidManifest.xml:12:17-124
95                android:value="com.google.firebase.components.ComponentRegistrar" />
95-->[:firebase_core] AndroidManifest.xml:13:17-82
96            <meta-data
96-->[com.google.firebase:firebase-messaging:23.1.1] AndroidManifest.xml:55:13-57:85
97                android:name="com.google.firebase.components:com.google.firebase.messaging.FirebaseMessagingRegistrar"
97-->[com.google.firebase:firebase-messaging:23.1.1] AndroidManifest.xml:56:17-119
98                android:value="com.google.firebase.components.ComponentRegistrar" />
98-->[com.google.firebase:firebase-messaging:23.1.1] AndroidManifest.xml:57:17-82
99            <meta-data
99-->[com.google.firebase:firebase-datatransport:18.1.7] AndroidManifest.xml:27:13-29:85
100                android:name="com.google.firebase.components:com.google.firebase.datatransport.TransportRegistrar"
100-->[com.google.firebase:firebase-datatransport:18.1.7] AndroidManifest.xml:28:17-115
101                android:value="com.google.firebase.components.ComponentRegistrar" />
101-->[com.google.firebase:firebase-datatransport:18.1.7] AndroidManifest.xml:29:17-82
102            <meta-data
102-->[com.google.firebase:firebase-iid:21.1.0] AndroidManifest.xml:32:13-34:85
103                android:name="com.google.firebase.components:com.google.firebase.iid.Registrar"
103-->[com.google.firebase:firebase-iid:21.1.0] AndroidManifest.xml:33:17-96
104                android:value="com.google.firebase.components.ComponentRegistrar" />
104-->[com.google.firebase:firebase-iid:21.1.0] AndroidManifest.xml:34:17-82
105            <meta-data
105-->[com.google.firebase:firebase-installations:17.1.0] AndroidManifest.xml:17:13-19:85
106                android:name="com.google.firebase.components:com.google.firebase.installations.FirebaseInstallationsRegistrar"
106-->[com.google.firebase:firebase-installations:17.1.0] AndroidManifest.xml:18:17-127
107                android:value="com.google.firebase.components.ComponentRegistrar" />
107-->[com.google.firebase:firebase-installations:17.1.0] AndroidManifest.xml:19:17-82
108        </service>
109
110        <provider
110-->[:firebase_messaging] AndroidManifest.xml:43:9-47:38
111            android:name="io.flutter.plugins.firebase.messaging.FlutterFirebaseMessagingInitProvider"
111-->[:firebase_messaging] AndroidManifest.xml:44:13-102
112            android:authorities="com.example.firebase_notification.flutterfirebasemessaginginitprovider"
112-->[:firebase_messaging] AndroidManifest.xml:45:13-88
113            android:exported="false"
113-->[:firebase_messaging] AndroidManifest.xml:46:13-37
114            android:initOrder="99" />
114-->[:firebase_messaging] AndroidManifest.xml:47:13-35
115
116        <uses-library
116-->[androidx.window:window:1.0.0-beta04] AndroidManifest.xml:25:9-27:40
117            android:name="androidx.window.extensions"
117-->[androidx.window:window:1.0.0-beta04] AndroidManifest.xml:26:13-54
118            android:required="false" />
118-->[androidx.window:window:1.0.0-beta04] AndroidManifest.xml:27:13-37
119        <uses-library
119-->[androidx.window:window:1.0.0-beta04] AndroidManifest.xml:28:9-30:40
120            android:name="androidx.window.sidecar"
120-->[androidx.window:window:1.0.0-beta04] AndroidManifest.xml:29:13-51
121            android:required="false" />
121-->[androidx.window:window:1.0.0-beta04] AndroidManifest.xml:30:13-37
122
123        <receiver
123-->[com.google.firebase:firebase-messaging:23.1.1] AndroidManifest.xml:31:9-38:20
124            android:name="com.google.firebase.iid.FirebaseInstanceIdReceiver"
124-->[com.google.firebase:firebase-messaging:23.1.1] AndroidManifest.xml:32:13-78
125            android:exported="true"
125-->[com.google.firebase:firebase-messaging:23.1.1] AndroidManifest.xml:33:13-36
126            android:permission="com.google.android.c2dm.permission.SEND" >
126-->[com.google.firebase:firebase-messaging:23.1.1] AndroidManifest.xml:34:13-73
127            <intent-filter>
127-->[:firebase_messaging] AndroidManifest.xml:32:13-34:29
128                <action android:name="com.google.android.c2dm.intent.RECEIVE" />
128-->[:firebase_messaging] AndroidManifest.xml:33:17-81
128-->[:firebase_messaging] AndroidManifest.xml:33:25-78
129            </intent-filter>
130        </receiver>
131        <!--
132             FirebaseMessagingService performs security checks at runtime,
133             but set to not exported to explicitly avoid allowing another app to call it.
134        -->
135        <service
135-->[com.google.firebase:firebase-messaging:23.1.1] AndroidManifest.xml:44:9-51:19
136            android:name="com.google.firebase.messaging.FirebaseMessagingService"
136-->[com.google.firebase:firebase-messaging:23.1.1] AndroidManifest.xml:45:13-82
137            android:directBootAware="true"
137-->[com.google.firebase:firebase-messaging:23.1.1] AndroidManifest.xml:46:13-43
138            android:exported="false" >
138-->[com.google.firebase:firebase-messaging:23.1.1] AndroidManifest.xml:47:13-37
139            <intent-filter android:priority="-500" >
139-->[:firebase_messaging] AndroidManifest.xml:23:13-25:29
140                <action android:name="com.google.firebase.MESSAGING_EVENT" />
140-->[:firebase_messaging] AndroidManifest.xml:24:17-78
140-->[:firebase_messaging] AndroidManifest.xml:24:25-75
141            </intent-filter>
142        </service>
143        <service
143-->[com.google.android.datatransport:transport-backend-cct:3.1.8] AndroidManifest.xml:28:9-34:19
144            android:name="com.google.android.datatransport.runtime.backends.TransportBackendDiscovery"
144-->[com.google.android.datatransport:transport-backend-cct:3.1.8] AndroidManifest.xml:29:13-103
145            android:exported="false" >
145-->[com.google.android.datatransport:transport-backend-cct:3.1.8] AndroidManifest.xml:30:13-37
146            <meta-data
146-->[com.google.android.datatransport:transport-backend-cct:3.1.8] AndroidManifest.xml:31:13-33:39
147                android:name="backend:com.google.android.datatransport.cct.CctBackendFactory"
147-->[com.google.android.datatransport:transport-backend-cct:3.1.8] AndroidManifest.xml:32:17-94
148                android:value="cct" />
148-->[com.google.android.datatransport:transport-backend-cct:3.1.8] AndroidManifest.xml:33:17-36
149        </service>
150        <service
150-->[com.google.android.datatransport:transport-runtime:3.1.8] AndroidManifest.xml:26:9-30:19
151            android:name="com.google.android.datatransport.runtime.scheduling.jobscheduling.JobInfoSchedulerService"
151-->[com.google.android.datatransport:transport-runtime:3.1.8] AndroidManifest.xml:27:13-117
152            android:exported="false"
152-->[com.google.android.datatransport:transport-runtime:3.1.8] AndroidManifest.xml:28:13-37
153            android:permission="android.permission.BIND_JOB_SERVICE" >
153-->[com.google.android.datatransport:transport-runtime:3.1.8] AndroidManifest.xml:29:13-69
154        </service>
155
156        <receiver
156-->[com.google.android.datatransport:transport-runtime:3.1.8] AndroidManifest.xml:32:9-34:40
157            android:name="com.google.android.datatransport.runtime.scheduling.jobscheduling.AlarmManagerSchedulerBroadcastReceiver"
157-->[com.google.android.datatransport:transport-runtime:3.1.8] AndroidManifest.xml:33:13-132
158            android:exported="false" />
158-->[com.google.android.datatransport:transport-runtime:3.1.8] AndroidManifest.xml:34:13-37
159
160        <provider
160-->[com.google.firebase:firebase-common:20.3.0] AndroidManifest.xml:25:9-30:39
161            android:name="com.google.firebase.provider.FirebaseInitProvider"
161-->[com.google.firebase:firebase-common:20.3.0] AndroidManifest.xml:26:13-77
162            android:authorities="com.example.firebase_notification.firebaseinitprovider"
162-->[com.google.firebase:firebase-common:20.3.0] AndroidManifest.xml:27:13-72
163            android:directBootAware="true"
163-->[com.google.firebase:firebase-common:20.3.0] AndroidManifest.xml:28:13-43
164            android:exported="false"
164-->[com.google.firebase:firebase-common:20.3.0] AndroidManifest.xml:29:13-37
165            android:initOrder="100" />
165-->[com.google.firebase:firebase-common:20.3.0] AndroidManifest.xml:30:13-36
166
167        <activity
167-->[com.google.android.gms:play-services-base:18.0.1] AndroidManifest.xml:20:9-22:45
168            android:name="com.google.android.gms.common.api.GoogleApiActivity"
168-->[com.google.android.gms:play-services-base:18.0.1] AndroidManifest.xml:20:19-85
169            android:exported="false"
169-->[com.google.android.gms:play-services-base:18.0.1] AndroidManifest.xml:22:19-43
170            android:theme="@android:style/Theme.Translucent.NoTitleBar" />
170-->[com.google.android.gms:play-services-base:18.0.1] AndroidManifest.xml:21:19-78
171
172        <meta-data
172-->[com.google.android.gms:play-services-basement:18.1.0] AndroidManifest.xml:21:9-23:69
173            android:name="com.google.android.gms.version"
173-->[com.google.android.gms:play-services-basement:18.1.0] AndroidManifest.xml:22:13-58
174            android:value="@integer/google_play_services_version" />
174-->[com.google.android.gms:play-services-basement:18.1.0] AndroidManifest.xml:23:13-66
175    </application>
176
177</manifest>